<?xml version="1.0" encoding="UTF-8"?>
<!-- Generated by org.testng.reporters.JUnitXMLReporter -->
<testsuite ignored="0" hostname="TVMATP612984L" failures="0" tests="3" name="Default test" time="2.272" errors="0" timestamp="2024-07-05T12:49:44 IST">
  <testcase classname="Test.RestAssured_Polestar" name="getReq" time="1.423"/>
  <testcase classname="Test.RestAssured_Polestar" name="putReq" time="0.652"/>
  <testcase classname="Test.RestAssured_Polestar" name="deleteReq" time="0.136"/>
</testsuite> <!-- Default test -->
