<?xml version="1.0" encoding="UTF-8"?>
<testng-results ignored="0" total="3" passed="3" failed="0" skipped="0">
  <reporter-output>
  </reporter-output>
  <suite started-at="2024-07-05T12:49:42 IST" name="Default suite" finished-at="2024-07-05T12:49:44 IST" duration-ms="2272">
    <groups>
    </groups>
    <test started-at="2024-07-05T12:49:42 IST" name="Default test" finished-at="2024-07-05T12:49:44 IST" duration-ms="2272">
      <class name="Test.RestAssured_Polestar">
        <test-method signature="getReq()[pri:0, instance:Test.RestAssured_Polestar@4c1909a3]" started-at="2024-07-05T12:49:42 IST" name="getReq" finished-at="2024-07-05T12:49:43 IST" duration-ms="1423" status="PASS">
          <reporter-output>
          </reporter-output>
        </test-method> <!-- getReq -->
        <test-method signature="putReq()[pri:1, instance:Test.RestAssured_Polestar@4c1909a3]" started-at="2024-07-05T12:49:43 IST" name="putReq" finished-at="2024-07-05T12:49:44 IST" duration-ms="652" status="PASS">
          <reporter-output>
          </reporter-output>
        </test-method> <!-- putReq -->
        <test-method signature="deleteReq()[pri:3, instance:Test.RestAssured_Polestar@4c1909a3]" started-at="2024-07-05T12:49:44 IST" name="deleteReq" finished-at="2024-07-05T12:49:44 IST" duration-ms="136" status="PASS">
          <reporter-output>
          </reporter-output>
        </test-method> <!-- deleteReq -->
      </class> <!-- Test.RestAssured_Polestar -->
    </test> <!-- Default test -->
  </suite> <!-- Default suite -->
</testng-results>
